<?xml version="1.0" encoding="UTF-8" ?>
<testsuite failures="0" time="8.197" errors="0" skipped="0" tests="3" name="org.mule.example.jersey.test.JerseyLdapTestCase">
  <properties>
    <property name="java.runtime.name" value="Java(TM) SE Runtime Environment"/>
    <property name="sun.boot.library.path" value="/System/Library/Java/JavaVirtualMachines/1.6.0.jdk/Contents/Libraries"/>
    <property name="java.vm.version" value="17.1-b03-307"/>
    <property name="awt.nativeDoubleBuffering" value="true"/>
    <property name="gopherProxySet" value="false"/>
    <property name="mrj.build" value="10M3261"/>
    <property name="java.vm.vendor" value="Apple Inc."/>
    <property name="java.vendor.url" value="http://www.apple.com/"/>
    <property name="path.separator" value=":"/>
    <property name="java.vm.name" value="Java HotSpot(TM) 64-Bit Server VM"/>
    <property name="file.encoding.pkg" value="sun.io"/>
    <property name="user.country" value="US"/>
    <property name="sun.java.launcher" value="SUN_STANDARD"/>
    <property name="sun.os.patch.level" value="unknown"/>
    <property name="java.vm.specification.name" value="Java Virtual Machine Specification"/>
    <property name="user.dir" value="/Users/jaskiratbhatia/Desktop/cases/mule-jerseyLdap"/>
    <property name="java.runtime.version" value="1.6.0_22-b04-307-10M3261"/>
    <property name="java.awt.graphicsenv" value="apple.awt.CGraphicsEnvironment"/>
    <property name="basedir" value="/Users/jaskiratbhatia/Desktop/cases/mule-jerseyLdap"/>
    <property name="java.endorsed.dirs" value="/System/Library/Java/JavaVirtualMachines/1.6.0.jdk/Contents/Home/lib/endorsed"/>
    <property name="os.arch" value="x86_64"/>
    <property name="surefire.real.class.path" value="/var/folders/-i/-i3prMTrGOSTTJAq15kItU+++TI/-Tmp-/surefirebooter2759349852407123980.jar"/>
    <property name="java.io.tmpdir" value="/var/folders/-i/-i3prMTrGOSTTJAq15kItU+++TI/-Tmp-/"/>
    <property name="line.separator" value="
"/>
    <property name="java.vm.specification.vendor" value="Sun Microsystems Inc."/>
    <property name="os.name" value="Mac OS X"/>
    <property name="sun.jnu.encoding" value="MacRoman"/>
    <property name="java.library.path" value=".:/Library/Java/Extensions:/System/Library/Java/Extensions:/usr/lib/java"/>
    <property name="surefire.test.class.path" value="/Users/jaskiratbhatia/Desktop/cases/mule-jerseyLdap/target/test-classes:/Users/jaskiratbhatia/Desktop/cases/mule-jerseyLdap/target/classes:/Users/jaskiratbhatia/logs/org/springframework/security/spring-security-ldap/3.0.5.RELEASE/spring-security-ldap-3.0.5.RELEASE.jar:/Users/jaskiratbhatia/logs/org/springframework/security/spring-security-core/3.0.5.RELEASE/spring-security-core-3.0.5.RELEASE.jar:/Users/jaskiratbhatia/logs/org/springframework/spring-expression/3.0.3.RELEASE/spring-expression-3.0.3.RELEASE.jar:/Users/jaskiratbhatia/logs/org/springframework/spring-core/3.0.3.RELEASE/spring-core-3.0.3.RELEASE.jar:/Users/jaskiratbhatia/logs/org/springframework/spring-asm/3.0.3.RELEASE/spring-asm-3.0.3.RELEASE.jar:/Users/jaskiratbhatia/logs/commons-logging/commons-logging/1.1.1/commons-logging-1.1.1.jar:/Users/jaskiratbhatia/logs/org/springframework/spring-context/3.0.3.RELEASE/spring-context-3.0.3.RELEASE.jar:/Users/jaskiratbhatia/logs/org/springframework/spring-aop/3.0.3.RELEASE/spring-aop-3.0.3.RELEASE.jar:/Users/jaskiratbhatia/logs/aopalliance/aopalliance/1.0/aopalliance-1.0.jar:/Users/jaskiratbhatia/logs/org/springframework/spring-beans/3.0.3.RELEASE/spring-beans-3.0.3.RELEASE.jar:/Users/jaskiratbhatia/logs/org/springframework/spring-tx/3.0.3.RELEASE/spring-tx-3.0.3.RELEASE.jar:/Users/jaskiratbhatia/logs/org/aspectj/aspectjrt/1.6.8/aspectjrt-1.6.8.jar:/Users/jaskiratbhatia/logs/org/aspectj/aspectjweaver/1.6.8/aspectjweaver-1.6.8.jar:/Users/jaskiratbhatia/logs/org/springframework/ldap/spring-ldap-core/1.3.0.RELEASE/spring-ldap-core-1.3.0.RELEASE.jar:/Users/jaskiratbhatia/logs/commons-lang/commons-lang/2.4/commons-lang-2.4.jar:/Users/jaskiratbhatia/logs/org/mule/mule-core/3.1.0/mule-core-3.1.0.jar:/Users/jaskiratbhatia/logs/commons-beanutils/commons-beanutils/1.8.0/commons-beanutils-1.8.0.jar:/Users/jaskiratbhatia/logs/org/safehaus/jug/jug/2.0.0-osgi/jug-2.0.0-osgi-asl.jar:/Users/jaskiratbhatia/logs/backport-util-concurrent/backport-util-concurrent/3.1-osgi/backport-util-concurrent-3.1-osgi.jar:/Users/jaskiratbhatia/logs/commons-cli/commons-cli/1.2/commons-cli-1.2.jar:/Users/jaskiratbhatia/logs/commons-collections/commons-collections/3.2.1/commons-collections-3.2.1.jar:/Users/jaskiratbhatia/logs/commons-io/commons-io/1.4/commons-io-1.4.jar:/Users/jaskiratbhatia/logs/commons-pool/commons-pool/1.5.3/commons-pool-1.5.3.jar:/Users/jaskiratbhatia/logs/javax/activation/activation/1.1-osgi/activation-1.1-osgi.jar:/Users/jaskiratbhatia/logs/org/apache/geronimo/specs/geronimo-jta_1.0.1B_spec/1.1-osgi/geronimo-jta_1.0.1B_spec-1.1-osgi.jar:/Users/jaskiratbhatia/logs/org/apache/geronimo/specs/geronimo-j2ee-connector_1.5_spec/1.1-osgi/geronimo-j2ee-connector_1.5_spec-1.1-osgi.jar:/Users/jaskiratbhatia/logs/javax/annotation/jsr250-api/1.0/jsr250-api-1.0.jar:/Users/jaskiratbhatia/logs/org/slf4j/jcl-over-slf4j/1.6.1/jcl-over-slf4j-1.6.1.jar:/Users/jaskiratbhatia/logs/org/slf4j/slf4j-api/1.6.1/slf4j-api-1.6.1.jar:/Users/jaskiratbhatia/logs/org/slf4j/slf4j-log4j12/1.6.1/slf4j-log4j12-1.6.1.jar:/Users/jaskiratbhatia/logs/log4j/log4j/1.2.14/log4j-1.2.14.jar:/Users/jaskiratbhatia/logs/asm/asm/3.1/asm-3.1.jar:/Users/jaskiratbhatia/logs/asm/asm-commons/3.1/asm-commons-3.1.jar:/Users/jaskiratbhatia/logs/asm/asm-tree/3.1/asm-tree-3.1.jar:/Users/jaskiratbhatia/logs/junit/junit/4.8.1/junit-4.8.1.jar:/Users/jaskiratbhatia/logs/org/mule/modules/mule-module-spring-config/3.1.0/mule-module-spring-config-3.1.0.jar:/Users/jaskiratbhatia/logs/org/mule/modules/mule-module-annotations/3.1.0/mule-module-annotations-3.1.0.jar:/Users/jaskiratbhatia/logs/cglib/cglib-nodep/2.2/cglib-nodep-2.2.jar:/Users/jaskiratbhatia/logs/dom4j/dom4j/1.6.1-osgi/dom4j-1.6.1-osgi.jar:/Users/jaskiratbhatia/logs/jaxen/jaxen/1.1.1/jaxen-1.1.1.jar:/Users/jaskiratbhatia/logs/jdom/jdom/1.0/jdom-1.0.jar:/Users/jaskiratbhatia/logs/org/mule/transports/mule-transport-http/3.1.0/mule-transport-http-3.1.0.jar:/Users/jaskiratbhatia/logs/org/mule/transports/mule-transport-ssl/3.1.0/mule-transport-ssl-3.1.0.jar:/Users/jaskiratbhatia/logs/org/mule/transports/mule-transport-tcp/3.1.0/mule-transport-tcp-3.1.0.jar:/Users/jaskiratbhatia/logs/commons-codec/commons-codec/1.3-osgi/commons-codec-1.3-osgi.jar:/Users/jaskiratbhatia/logs/commons-httpclient/commons-httpclient/3.1-osgi/commons-httpclient-3.1-osgi.jar:/Users/jaskiratbhatia/logs/tomcat/tomcat-util/5.5.23/tomcat-util-5.5.23.jar:/Users/jaskiratbhatia/logs/tomcat/tomcat-apr/5.5.23/tomcat-apr-5.5.23.jar:/Users/jaskiratbhatia/logs/org/mule/transports/mule-transport-stdio/3.1.0/mule-transport-stdio-3.1.0.jar:/Users/jaskiratbhatia/logs/org/mule/transports/mule-transport-vm/3.1.0/mule-transport-vm-3.1.0.jar:/Users/jaskiratbhatia/logs/org/mule/modules/mule-module-xml/3.1.0/mule-module-xml-3.1.0.jar:/Users/jaskiratbhatia/logs/org/apache/geronimo/specs/geronimo-stax-api_1.0_spec/1.0.1/geronimo-stax-api_1.0_spec-1.0.1.jar:/Users/jaskiratbhatia/logs/commons-jxpath/commons-jxpath/1.3-osgi/commons-jxpath-1.3-osgi.jar:/Users/jaskiratbhatia/logs/com/thoughtworks/xstream/xstream/1.2.2-osgi/xstream-1.2.2-osgi.jar:/Users/jaskiratbhatia/logs/xpp3/xpp3_min/1.1.3.4.O-osgi/xpp3_min-1.1.3.4.O-osgi.jar:/Users/jaskiratbhatia/logs/joda-time/joda-time/1.6/joda-time-1.6.jar:/Users/jaskiratbhatia/logs/org/codehaus/woodstox/woodstox-core-asl/4.0.8/woodstox-core-asl-4.0.8.jar:/Users/jaskiratbhatia/logs/org/codehaus/woodstox/stax2-api/3.0.2/stax2-api-3.0.2.jar:/Users/jaskiratbhatia/logs/net/java/dev/stax-utils/stax-utils/20080702-osgi/stax-utils-20080702-osgi.jar:/Users/jaskiratbhatia/logs/net/sf/saxon/saxon/8.9.0.4-osgi/saxon-8.9.0.4-osgi.jar:/Users/jaskiratbhatia/logs/net/sf/saxon/saxon-dom/8.9.0.4-osgi/saxon-dom-8.9.0.4-osgi.jar:/Users/jaskiratbhatia/logs/net/sf/saxon/saxon-xqj/8.9.0.4/saxon-xqj-8.9.0.4.jar:/Users/jaskiratbhatia/logs/javax/xml/bind/jaxb-api/2.1/jaxb-api-2.1.jar:/Users/jaskiratbhatia/logs/com/sun/xml/bind/jaxb-impl/2.1.5/jaxb-impl-2.1.5.jar:/Users/jaskiratbhatia/logs/org/mule/modules/mule-module-client/3.1.0/mule-module-client-3.1.0.jar:/Users/jaskiratbhatia/logs/org/mule/modules/mule-module-jersey/3.1.0/mule-module-jersey-3.1.0.jar:/Users/jaskiratbhatia/logs/com/sun/jersey/jersey-server/1.3/jersey-server-1.3.jar:/Users/jaskiratbhatia/logs/com/sun/jersey/jersey-core/1.3/jersey-core-1.3.jar:/Users/jaskiratbhatia/logs/javax/ws/rs/jsr311-api/1.1.1/jsr311-api-1.1.1.jar:/Users/jaskiratbhatia/logs/com/sun/jersey/jersey-json/1.3/jersey-json-1.3.jar:/Users/jaskiratbhatia/logs/org/codehaus/jackson/jackson-core-asl/1.3.1/jackson-core-asl-1.3.1.jar:/Users/jaskiratbhatia/logs/org/codehaus/jackson/jackson-jaxrs/1.3.1/jackson-jaxrs-1.3.1.jar:/Users/jaskiratbhatia/logs/org/codehaus/jackson/jackson-mapper-asl/1.3.1/jackson-mapper-asl-1.3.1.jar:/Users/jaskiratbhatia/logs/org/mule/modules/mule-module-spring-extras/3.1.0/mule-module-spring-extras-3.1.0.jar:/Users/jaskiratbhatia/logs/org/springframework/spring-jdbc/3.0.3.RELEASE/spring-jdbc-3.0.3.RELEASE.jar:/Users/jaskiratbhatia/logs/org/springframework/spring-jms/3.0.3.RELEASE/spring-jms-3.0.3.RELEASE.jar:/Users/jaskiratbhatia/logs/org/springframework/spring-web/3.0.3.RELEASE/spring-web-3.0.3.RELEASE.jar:/Users/jaskiratbhatia/logs/org/mule/modules/mule-module-builders/3.1.0/mule-module-builders-3.1.0.jar:/Users/jaskiratbhatia/logs/org/mule/modules/mule-module-management/3.1.0/mule-module-management-3.1.0.jar:/Users/jaskiratbhatia/logs/mx4j/mx4j-jmx/2.1.1-osgi/mx4j-jmx-2.1.1-osgi.jar:/Users/jaskiratbhatia/logs/mx4j/mx4j-impl/2.1.1-osgi/mx4j-impl-2.1.1-osgi.jar:/Users/jaskiratbhatia/logs/mx4j/mx4j-tools/2.1.1-osgi/mx4j-tools-2.1.1-osgi.jar:/Users/jaskiratbhatia/logs/mx4j/mx4j-remote/2.1.1-osgi/mx4j-remote-2.1.1-osgi.jar:/Users/jaskiratbhatia/logs/com/yourkit/yjp-controller-api-redist/9.0.8/yjp-controller-api-redist-9.0.8.jar:/Users/jaskiratbhatia/logs/tanukisoft/wrapper/3.2.3/wrapper-3.2.3.jar:/Users/jaskiratbhatia/logs/org/apache/geronimo/specs/geronimo-jms_1.1_spec/1.1-osgi/geronimo-jms_1.1_spec-1.1-osgi.jar:/Users/jaskiratbhatia/logs/org/mule/modules/mule-module-spring-security/3.1.0/mule-module-spring-security-3.1.0.jar:/Users/jaskiratbhatia/logs/org/springframework/security/spring-security-config/3.0.3.RELEASE/spring-security-config-3.0.3.RELEASE.jar:/Users/jaskiratbhatia/logs/org/springframework/security/spring-security-web/3.0.3.RELEASE/spring-security-web-3.0.3.RELEASE.jar:/Users/jaskiratbhatia/logs/org/mule/tests/mule-tests-functional/3.1.0/mule-tests-functional-3.1.0.jar:/Users/jaskiratbhatia/logs/org/mule/mule-core/3.1.0/mule-core-3.1.0-tests.jar:/Users/jaskiratbhatia/logs/mockobjects/mockobjects-core/0.09/mockobjects-core-0.09.jar:"/>
    <property name="java.specification.name" value="Java Platform API Specification"/>
    <property name="java.class.version" value="50.0"/>
    <property name="sun.management.compiler" value="HotSpot 64-Bit Server Compiler"/>
    <property name="os.version" value="10.6.6"/>
    <property name="http.nonProxyHosts" value="local|*.local|169.254/16|*.169.254/16"/>
    <property name="user.home" value="/Users/jaskiratbhatia"/>
    <property name="user.timezone" value="America/Los_Angeles"/>
    <property name="java.awt.printerjob" value="apple.awt.CPrinterJob"/>
    <property name="java.specification.version" value="1.6"/>
    <property name="file.encoding" value="MacRoman"/>
    <property name="user.name" value="jaskiratbhatia"/>
    <property name="java.class.path" value="/Users/jaskiratbhatia/Desktop/cases/mule-jerseyLdap/target/test-classes:/Users/jaskiratbhatia/Desktop/cases/mule-jerseyLdap/target/classes:/Users/jaskiratbhatia/logs/org/springframework/security/spring-security-ldap/3.0.5.RELEASE/spring-security-ldap-3.0.5.RELEASE.jar:/Users/jaskiratbhatia/logs/org/springframework/security/spring-security-core/3.0.5.RELEASE/spring-security-core-3.0.5.RELEASE.jar:/Users/jaskiratbhatia/logs/org/springframework/spring-expression/3.0.3.RELEASE/spring-expression-3.0.3.RELEASE.jar:/Users/jaskiratbhatia/logs/org/springframework/spring-core/3.0.3.RELEASE/spring-core-3.0.3.RELEASE.jar:/Users/jaskiratbhatia/logs/org/springframework/spring-asm/3.0.3.RELEASE/spring-asm-3.0.3.RELEASE.jar:/Users/jaskiratbhatia/logs/commons-logging/commons-logging/1.1.1/commons-logging-1.1.1.jar:/Users/jaskiratbhatia/logs/org/springframework/spring-context/3.0.3.RELEASE/spring-context-3.0.3.RELEASE.jar:/Users/jaskiratbhatia/logs/org/springframework/spring-aop/3.0.3.RELEASE/spring-aop-3.0.3.RELEASE.jar:/Users/jaskiratbhatia/logs/aopalliance/aopalliance/1.0/aopalliance-1.0.jar:/Users/jaskiratbhatia/logs/org/springframework/spring-beans/3.0.3.RELEASE/spring-beans-3.0.3.RELEASE.jar:/Users/jaskiratbhatia/logs/org/springframework/spring-tx/3.0.3.RELEASE/spring-tx-3.0.3.RELEASE.jar:/Users/jaskiratbhatia/logs/org/aspectj/aspectjrt/1.6.8/aspectjrt-1.6.8.jar:/Users/jaskiratbhatia/logs/org/aspectj/aspectjweaver/1.6.8/aspectjweaver-1.6.8.jar:/Users/jaskiratbhatia/logs/org/springframework/ldap/spring-ldap-core/1.3.0.RELEASE/spring-ldap-core-1.3.0.RELEASE.jar:/Users/jaskiratbhatia/logs/commons-lang/commons-lang/2.4/commons-lang-2.4.jar:/Users/jaskiratbhatia/logs/org/mule/mule-core/3.1.0/mule-core-3.1.0.jar:/Users/jaskiratbhatia/logs/commons-beanutils/commons-beanutils/1.8.0/commons-beanutils-1.8.0.jar:/Users/jaskiratbhatia/logs/org/safehaus/jug/jug/2.0.0-osgi/jug-2.0.0-osgi-asl.jar:/Users/jaskiratbhatia/logs/backport-util-concurrent/backport-util-concurrent/3.1-osgi/backport-util-concurrent-3.1-osgi.jar:/Users/jaskiratbhatia/logs/commons-cli/commons-cli/1.2/commons-cli-1.2.jar:/Users/jaskiratbhatia/logs/commons-collections/commons-collections/3.2.1/commons-collections-3.2.1.jar:/Users/jaskiratbhatia/logs/commons-io/commons-io/1.4/commons-io-1.4.jar:/Users/jaskiratbhatia/logs/commons-pool/commons-pool/1.5.3/commons-pool-1.5.3.jar:/Users/jaskiratbhatia/logs/javax/activation/activation/1.1-osgi/activation-1.1-osgi.jar:/Users/jaskiratbhatia/logs/org/apache/geronimo/specs/geronimo-jta_1.0.1B_spec/1.1-osgi/geronimo-jta_1.0.1B_spec-1.1-osgi.jar:/Users/jaskiratbhatia/logs/org/apache/geronimo/specs/geronimo-j2ee-connector_1.5_spec/1.1-osgi/geronimo-j2ee-connector_1.5_spec-1.1-osgi.jar:/Users/jaskiratbhatia/logs/javax/annotation/jsr250-api/1.0/jsr250-api-1.0.jar:/Users/jaskiratbhatia/logs/org/slf4j/jcl-over-slf4j/1.6.1/jcl-over-slf4j-1.6.1.jar:/Users/jaskiratbhatia/logs/org/slf4j/slf4j-api/1.6.1/slf4j-api-1.6.1.jar:/Users/jaskiratbhatia/logs/org/slf4j/slf4j-log4j12/1.6.1/slf4j-log4j12-1.6.1.jar:/Users/jaskiratbhatia/logs/log4j/log4j/1.2.14/log4j-1.2.14.jar:/Users/jaskiratbhatia/logs/asm/asm/3.1/asm-3.1.jar:/Users/jaskiratbhatia/logs/asm/asm-commons/3.1/asm-commons-3.1.jar:/Users/jaskiratbhatia/logs/asm/asm-tree/3.1/asm-tree-3.1.jar:/Users/jaskiratbhatia/logs/junit/junit/4.8.1/junit-4.8.1.jar:/Users/jaskiratbhatia/logs/org/mule/modules/mule-module-spring-config/3.1.0/mule-module-spring-config-3.1.0.jar:/Users/jaskiratbhatia/logs/org/mule/modules/mule-module-annotations/3.1.0/mule-module-annotations-3.1.0.jar:/Users/jaskiratbhatia/logs/cglib/cglib-nodep/2.2/cglib-nodep-2.2.jar:/Users/jaskiratbhatia/logs/dom4j/dom4j/1.6.1-osgi/dom4j-1.6.1-osgi.jar:/Users/jaskiratbhatia/logs/jaxen/jaxen/1.1.1/jaxen-1.1.1.jar:/Users/jaskiratbhatia/logs/jdom/jdom/1.0/jdom-1.0.jar:/Users/jaskiratbhatia/logs/org/mule/transports/mule-transport-http/3.1.0/mule-transport-http-3.1.0.jar:/Users/jaskiratbhatia/logs/org/mule/transports/mule-transport-ssl/3.1.0/mule-transport-ssl-3.1.0.jar:/Users/jaskiratbhatia/logs/org/mule/transports/mule-transport-tcp/3.1.0/mule-transport-tcp-3.1.0.jar:/Users/jaskiratbhatia/logs/commons-codec/commons-codec/1.3-osgi/commons-codec-1.3-osgi.jar:/Users/jaskiratbhatia/logs/commons-httpclient/commons-httpclient/3.1-osgi/commons-httpclient-3.1-osgi.jar:/Users/jaskiratbhatia/logs/tomcat/tomcat-util/5.5.23/tomcat-util-5.5.23.jar:/Users/jaskiratbhatia/logs/tomcat/tomcat-apr/5.5.23/tomcat-apr-5.5.23.jar:/Users/jaskiratbhatia/logs/org/mule/transports/mule-transport-stdio/3.1.0/mule-transport-stdio-3.1.0.jar:/Users/jaskiratbhatia/logs/org/mule/transports/mule-transport-vm/3.1.0/mule-transport-vm-3.1.0.jar:/Users/jaskiratbhatia/logs/org/mule/modules/mule-module-xml/3.1.0/mule-module-xml-3.1.0.jar:/Users/jaskiratbhatia/logs/org/apache/geronimo/specs/geronimo-stax-api_1.0_spec/1.0.1/geronimo-stax-api_1.0_spec-1.0.1.jar:/Users/jaskiratbhatia/logs/commons-jxpath/commons-jxpath/1.3-osgi/commons-jxpath-1.3-osgi.jar:/Users/jaskiratbhatia/logs/com/thoughtworks/xstream/xstream/1.2.2-osgi/xstream-1.2.2-osgi.jar:/Users/jaskiratbhatia/logs/xpp3/xpp3_min/1.1.3.4.O-osgi/xpp3_min-1.1.3.4.O-osgi.jar:/Users/jaskiratbhatia/logs/joda-time/joda-time/1.6/joda-time-1.6.jar:/Users/jaskiratbhatia/logs/org/codehaus/woodstox/woodstox-core-asl/4.0.8/woodstox-core-asl-4.0.8.jar:/Users/jaskiratbhatia/logs/org/codehaus/woodstox/stax2-api/3.0.2/stax2-api-3.0.2.jar:/Users/jaskiratbhatia/logs/net/java/dev/stax-utils/stax-utils/20080702-osgi/stax-utils-20080702-osgi.jar:/Users/jaskiratbhatia/logs/net/sf/saxon/saxon/8.9.0.4-osgi/saxon-8.9.0.4-osgi.jar:/Users/jaskiratbhatia/logs/net/sf/saxon/saxon-dom/8.9.0.4-osgi/saxon-dom-8.9.0.4-osgi.jar:/Users/jaskiratbhatia/logs/net/sf/saxon/saxon-xqj/8.9.0.4/saxon-xqj-8.9.0.4.jar:/Users/jaskiratbhatia/logs/javax/xml/bind/jaxb-api/2.1/jaxb-api-2.1.jar:/Users/jaskiratbhatia/logs/com/sun/xml/bind/jaxb-impl/2.1.5/jaxb-impl-2.1.5.jar:/Users/jaskiratbhatia/logs/org/mule/modules/mule-module-client/3.1.0/mule-module-client-3.1.0.jar:/Users/jaskiratbhatia/logs/org/mule/modules/mule-module-jersey/3.1.0/mule-module-jersey-3.1.0.jar:/Users/jaskiratbhatia/logs/com/sun/jersey/jersey-server/1.3/jersey-server-1.3.jar:/Users/jaskiratbhatia/logs/com/sun/jersey/jersey-core/1.3/jersey-core-1.3.jar:/Users/jaskiratbhatia/logs/javax/ws/rs/jsr311-api/1.1.1/jsr311-api-1.1.1.jar:/Users/jaskiratbhatia/logs/com/sun/jersey/jersey-json/1.3/jersey-json-1.3.jar:/Users/jaskiratbhatia/logs/org/codehaus/jackson/jackson-core-asl/1.3.1/jackson-core-asl-1.3.1.jar:/Users/jaskiratbhatia/logs/org/codehaus/jackson/jackson-jaxrs/1.3.1/jackson-jaxrs-1.3.1.jar:/Users/jaskiratbhatia/logs/org/codehaus/jackson/jackson-mapper-asl/1.3.1/jackson-mapper-asl-1.3.1.jar:/Users/jaskiratbhatia/logs/org/mule/modules/mule-module-spring-extras/3.1.0/mule-module-spring-extras-3.1.0.jar:/Users/jaskiratbhatia/logs/org/springframework/spring-jdbc/3.0.3.RELEASE/spring-jdbc-3.0.3.RELEASE.jar:/Users/jaskiratbhatia/logs/org/springframework/spring-jms/3.0.3.RELEASE/spring-jms-3.0.3.RELEASE.jar:/Users/jaskiratbhatia/logs/org/springframework/spring-web/3.0.3.RELEASE/spring-web-3.0.3.RELEASE.jar:/Users/jaskiratbhatia/logs/org/mule/modules/mule-module-builders/3.1.0/mule-module-builders-3.1.0.jar:/Users/jaskiratbhatia/logs/org/mule/modules/mule-module-management/3.1.0/mule-module-management-3.1.0.jar:/Users/jaskiratbhatia/logs/mx4j/mx4j-jmx/2.1.1-osgi/mx4j-jmx-2.1.1-osgi.jar:/Users/jaskiratbhatia/logs/mx4j/mx4j-impl/2.1.1-osgi/mx4j-impl-2.1.1-osgi.jar:/Users/jaskiratbhatia/logs/mx4j/mx4j-tools/2.1.1-osgi/mx4j-tools-2.1.1-osgi.jar:/Users/jaskiratbhatia/logs/mx4j/mx4j-remote/2.1.1-osgi/mx4j-remote-2.1.1-osgi.jar:/Users/jaskiratbhatia/logs/com/yourkit/yjp-controller-api-redist/9.0.8/yjp-controller-api-redist-9.0.8.jar:/Users/jaskiratbhatia/logs/tanukisoft/wrapper/3.2.3/wrapper-3.2.3.jar:/Users/jaskiratbhatia/logs/org/apache/geronimo/specs/geronimo-jms_1.1_spec/1.1-osgi/geronimo-jms_1.1_spec-1.1-osgi.jar:/Users/jaskiratbhatia/logs/org/mule/modules/mule-module-spring-security/3.1.0/mule-module-spring-security-3.1.0.jar:/Users/jaskiratbhatia/logs/org/springframework/security/spring-security-config/3.0.3.RELEASE/spring-security-config-3.0.3.RELEASE.jar:/Users/jaskiratbhatia/logs/org/springframework/security/spring-security-web/3.0.3.RELEASE/spring-security-web-3.0.3.RELEASE.jar:/Users/jaskiratbhatia/logs/org/mule/tests/mule-tests-functional/3.1.0/mule-tests-functional-3.1.0.jar:/Users/jaskiratbhatia/logs/org/mule/mule-core/3.1.0/mule-core-3.1.0-tests.jar:/Users/jaskiratbhatia/logs/mockobjects/mockobjects-core/0.09/mockobjects-core-0.09.jar:"/>
    <property name="java.vm.specification.version" value="1.0"/>
    <property name="sun.arch.data.model" value="64"/>
    <property name="java.home" value="/System/Library/Java/JavaVirtualMachines/1.6.0.jdk/Contents/Home"/>
    <property name="java.specification.vendor" value="Sun Microsystems Inc."/>
    <property name="user.language" value="en"/>
    <property name="awt.toolkit" value="apple.awt.CToolkit"/>
    <property name="java.vm.info" value="mixed mode"/>
    <property name="java.version" value="1.6.0_22"/>
    <property name="java.ext.dirs" value="/Library/Java/Extensions:/System/Library/Java/Extensions:/System/Library/Java/JavaVirtualMachines/1.6.0.jdk/Contents/Home/lib/ext"/>
    <property name="sun.boot.class.path" value="/System/Library/Java/JavaVirtualMachines/1.6.0.jdk/Contents/Classes/jsfd.jar:/System/Library/Java/JavaVirtualMachines/1.6.0.jdk/Contents/Classes/classes.jar:/System/Library/Frameworks/JavaVM.framework/Frameworks/JavaRuntimeSupport.framework/Resources/Java/JavaRuntimeSupport.jar:/System/Library/Java/JavaVirtualMachines/1.6.0.jdk/Contents/Classes/ui.jar:/System/Library/Java/JavaVirtualMachines/1.6.0.jdk/Contents/Classes/laf.jar:/System/Library/Java/JavaVirtualMachines/1.6.0.jdk/Contents/Classes/sunrsasign.jar:/System/Library/Java/JavaVirtualMachines/1.6.0.jdk/Contents/Classes/jsse.jar:/System/Library/Java/JavaVirtualMachines/1.6.0.jdk/Contents/Classes/jce.jar:/System/Library/Java/JavaVirtualMachines/1.6.0.jdk/Contents/Classes/charsets.jar"/>
    <property name="java.vendor" value="Apple Inc."/>
    <property name="localRepository" value="/Users/jaskiratbhatia/logs"/>
    <property name="file.separator" value="/"/>
    <property name="java.vendor.url.bug" value="http://bugreport.apple.com/"/>
    <property name="sun.cpu.endian" value="little"/>
    <property name="sun.io.unicode.encoding" value="UnicodeLittle"/>
    <property name="mrj.version" value="1060.1.6.0_22-307"/>
    <property name="socksNonProxyHosts" value="local|*.local|169.254/16|*.169.254/16"/>
    <property name="mule.encoding" value="UTF-8"/>
    <property name="ftp.nonProxyHosts" value="local|*.local|169.254/16|*.169.254/16"/>
    <property name="sun.cpu.isalist" value=""/>
  </properties>
  <testcase time="4.815" classname="org.mule.example.jersey.test.JerseyLdapTestCase" name="testGoodAuthenticationBadAuthorisation"/>
  <testcase time="1.303" classname="org.mule.example.jersey.test.JerseyLdapTestCase" name="testGoodAuthenticationGoodAuthorisation"/>
  <testcase time="2.062" classname="org.mule.example.jersey.test.JerseyLdapTestCase" name="testBadAuthenticationBadAuthorisation"/>
</testsuite>